<?xml version="1.0" encoding="UTF-8"?>
<testsuite hostname="DESKTOP-FKNGPDU" failures="0" tests="4" name="rahulshettyacadamy.Day1" time="0.038" errors="0" timestamp="18 Dec 2024 16:28:58 GMT">
  <testcase classname="rahulshettyacadamy.Day2" name="PersonalLoan1" time="0.016"/>
  <testcase classname="rahulshettyacadamy.Day2" name="PersonalLoan2" time="0.002"/>
  <testcase classname="rahulshettyacadamy.Day1" name="HomeLoan1" time="0.001"/>
  <testcase classname="rahulshettyacadamy.Day1" name="HomeLoan2" time="0.002"/>
</testsuite>
