<?xml version="1.0" encoding="UTF-8"?>
<testng-results total="4" passed="4" failed="0" skipped="0">
  <reporter-output>
  </reporter-output>
  <suite started-at="2024-12-18T21:58:58Z" name="Default suite" finished-at="2024-12-18T21:58:58Z" duration-ms="38">
    <groups>
    </groups>
    <test started-at="2024-12-18T21:58:58Z" name="Default test" finished-at="2024-12-18T21:58:58Z" duration-ms="38">
      <class name="rahulshettyacadamy.Day2">
        <test-method signature="PersonalLoan1()" started-at="2024-12-18T21:58:58Z" name="PersonalLoan1" finished-at="2024-12-18T21:58:58Z" duration-ms="16" status="PASS">
        </test-method>
        <test-method signature="PersonalLoan2()" started-at="2024-12-18T21:58:58Z" name="PersonalLoan2" finished-at="2024-12-18T21:58:58Z" duration-ms="2" status="PASS">
        </test-method>
      </class>
      <class name="rahulshettyacadamy.Day1">
        <test-method signature="HomeLoan1()" started-at="2024-12-18T21:58:58Z" name="HomeLoan1" finished-at="2024-12-18T21:58:58Z" duration-ms="1" status="PASS">
        </test-method>
        <test-method signature="HomeLoan2()" started-at="2024-12-18T21:58:58Z" name="HomeLoan2" finished-at="2024-12-18T21:58:58Z" duration-ms="2" status="PASS">
        </test-method>
      </class>
    </test>
  </suite>
</testng-results>
